[INFO] Scanning for projects...
[INFO] 
[INFO] ---------------------< com.hasandag:auth-service >----------------------
[INFO] Building Authentication Service 0.0.1-SNAPSHOT
[INFO]   from pom.xml
[INFO] --------------------------------[ jar ]---------------------------------
[INFO] 
[INFO] >>> spring-boot:3.2.3:run (default-cli) > test-compile @ auth-service >>>
[INFO] 
[INFO] --- resources:3.3.1:resources (default-resources) @ auth-service ---
[INFO] Copying 1 resource from src/main/resources to target/classes
[INFO] Copying 5 resources from src/main/resources to target/classes
[INFO] 
[INFO] --- compiler:3.11.0:compile (default-compile) @ auth-service ---
[INFO] Nothing to compile - all classes are up to date
[INFO] 
[INFO] --- resources:3.3.1:testResources (default-testResources) @ auth-service ---
[INFO] skip non existing resourceDirectory /Users/hasandag/DEPO/1.CALISMALAR/3.my_git_repositories/JAVA/SPRING/e_learning/e_learning3/backend/auth-service/src/test/resources
[INFO] 
[INFO] --- compiler:3.11.0:testCompile (default-testCompile) @ auth-service ---
[INFO] No sources to compile
[INFO] 
[INFO] <<< spring-boot:3.2.3:run (default-cli) < test-compile @ auth-service <<<
[INFO] 
[INFO] 
[INFO] --- spring-boot:3.2.3:run (default-cli) @ auth-service ---
[INFO] Attaching agents: []

  .   ____          _            __ _ _
 /\\ / ___'_ __ _ _(_)_ __  __ _ \ \ \ \
( ( )\___ | '_ | '_| | '_ \/ _` | \ \ \ \
 \\/  ___)| |_)| | | | | || (_| |  ) ) ) )
  '  |____| .__|_| |_|_| |_\__, | / / / /
 =========|_|==============|___/=/_/_/_/
[32m :: Spring Boot :: [39m              [2m (v3.2.3)[0;39m

[2m2025-03-17T00:40:54.951+03:00[0;39m [32m INFO [auth-service,,] [0;39m [35m11786[0;39m [2m---[0;39m [2m[auth-service] [           main][0;39m [2m[0;39m[36mc.hasandag.auth.AuthServiceApplication  [0;39m [2m:[0;39m Starting AuthServiceApplication using Java 23.0.2 with PID 11786 (/Users/hasandag/DEPO/1.CALISMALAR/3.my_git_repositories/JAVA/SPRING/e_learning/e_learning3/backend/auth-service/target/classes started by hasandag in /Users/hasandag/DEPO/1.CALISMALAR/3.my_git_repositories/JAVA/SPRING/e_learning/e_learning3/backend/auth-service)
[2m2025-03-17T00:40:54.952+03:00[0;39m [32mDEBUG [auth-service,,] [0;39m [35m11786[0;39m [2m---[0;39m [2m[auth-service] [           main][0;39m [2m[0;39m[36mc.hasandag.auth.AuthServiceApplication  [0;39m [2m:[0;39m Running with Spring Boot v3.2.3, Spring v6.1.4
[2m2025-03-17T00:40:54.952+03:00[0;39m [32m INFO [auth-service,,] [0;39m [35m11786[0;39m [2m---[0;39m [2m[auth-service] [           main][0;39m [2m[0;39m[36mc.hasandag.auth.AuthServiceApplication  [0;39m [2m:[0;39m No active profile set, falling back to 1 default profile: "default"
[2m2025-03-17T00:40:55.370+03:00[0;39m [32m INFO [auth-service,,] [0;39m [35m11786[0;39m [2m---[0;39m [2m[auth-service] [           main][0;39m [2m[0;39m[36m.s.d.r.c.RepositoryConfigurationDelegate[0;39m [2m:[0;39m Multiple Spring Data modules found, entering strict repository configuration mode
[2m2025-03-17T00:40:55.371+03:00[0;39m [32m INFO [auth-service,,] [0;39m [35m11786[0;39m [2m---[0;39m [2m[auth-service] [           main][0;39m [2m[0;39m[36m.s.d.r.c.RepositoryConfigurationDelegate[0;39m [2m:[0;39m Bootstrapping Spring Data JPA repositories in DEFAULT mode.
[2m2025-03-17T00:40:55.455+03:00[0;39m [32m INFO [auth-service,,] [0;39m [35m11786[0;39m [2m---[0;39m [2m[auth-service] [           main][0;39m [2m[0;39m[36m.s.d.r.c.RepositoryConfigurationDelegate[0;39m [2m:[0;39m Finished Spring Data repository scanning in 80 ms. Found 2 JPA repository interfaces.
[2m2025-03-17T00:40:55.464+03:00[0;39m [32m INFO [auth-service,,] [0;39m [35m11786[0;39m [2m---[0;39m [2m[auth-service] [           main][0;39m [2m[0;39m[36m.s.d.r.c.RepositoryConfigurationDelegate[0;39m [2m:[0;39m Multiple Spring Data modules found, entering strict repository configuration mode
[2m2025-03-17T00:40:55.464+03:00[0;39m [32m INFO [auth-service,,] [0;39m [35m11786[0;39m [2m---[0;39m [2m[auth-service] [           main][0;39m [2m[0;39m[36m.s.d.r.c.RepositoryConfigurationDelegate[0;39m [2m:[0;39m Bootstrapping Spring Data Redis repositories in DEFAULT mode.
[2m2025-03-17T00:40:55.472+03:00[0;39m [32m INFO [auth-service,,] [0;39m [35m11786[0;39m [2m---[0;39m [2m[auth-service] [           main][0;39m [2m[0;39m[36m.RepositoryConfigurationExtensionSupport[0;39m [2m:[0;39m Spring Data Redis - Could not safely identify store assignment for repository candidate interface com.hasandag.auth.repository.RoleRepository; If you want this repository to be a Redis repository, consider annotating your entities with one of these annotations: org.springframework.data.redis.core.RedisHash (preferred), or consider extending one of the following types with your repository: org.springframework.data.keyvalue.repository.KeyValueRepository
[2m2025-03-17T00:40:55.472+03:00[0;39m [32m INFO [auth-service,,] [0;39m [35m11786[0;39m [2m---[0;39m [2m[auth-service] [           main][0;39m [2m[0;39m[36m.RepositoryConfigurationExtensionSupport[0;39m [2m:[0;39m Spring Data Redis - Could not safely identify store assignment for repository candidate interface com.hasandag.auth.repository.UserRepository; If you want this repository to be a Redis repository, consider annotating your entities with one of these annotations: org.springframework.data.redis.core.RedisHash (preferred), or consider extending one of the following types with your repository: org.springframework.data.keyvalue.repository.KeyValueRepository
[2m2025-03-17T00:40:55.472+03:00[0;39m [32m INFO [auth-service,,] [0;39m [35m11786[0;39m [2m---[0;39m [2m[auth-service] [           main][0;39m [2m[0;39m[36m.s.d.r.c.RepositoryConfigurationDelegate[0;39m [2m:[0;39m Finished Spring Data repository scanning in 4 ms. Found 0 Redis repository interfaces.
[2m2025-03-17T00:40:55.644+03:00[0;39m [32m INFO [auth-service,,] [0;39m [35m11786[0;39m [2m---[0;39m [2m[auth-service] [           main][0;39m [2m[0;39m[36mo.s.cloud.context.scope.GenericScope    [0;39m [2m:[0;39m BeanFactory id=bb339ba3-f5a9-3e8c-b24d-7669e5cb85f3
[2m2025-03-17T00:40:55.830+03:00[0;39m [33m WARN [auth-service,,] [0;39m [35m11786[0;39m [2m---[0;39m [2m[auth-service] [           main][0;39m [2m[0;39m[36mtrationDelegate$BeanPostProcessorChecker[0;39m [2m:[0;39m Bean 'org.springframework.cloud.client.loadbalancer.LoadBalancerAutoConfiguration$RetryInterceptorAutoConfiguration' of type [org.springframework.cloud.client.loadbalancer.LoadBalancerAutoConfiguration$RetryInterceptorAutoConfiguration] is not eligible for getting processed by all BeanPostProcessors (for example: not eligible for auto-proxying). The currently created BeanPostProcessor [lbRestClientPostProcessor] is declared through a non-static factory method on that class; consider declaring it as static instead.
[2m2025-03-17T00:40:55.835+03:00[0;39m [33m WARN [auth-service,,] [0;39m [35m11786[0;39m [2m---[0;39m [2m[auth-service] [           main][0;39m [2m[0;39m[36mtrationDelegate$BeanPostProcessorChecker[0;39m [2m:[0;39m Bean 'org.springframework.cloud.loadbalancer.config.BlockingLoadBalancerClientAutoConfiguration' of type [org.springframework.cloud.loadbalancer.config.BlockingLoadBalancerClientAutoConfiguration] is not eligible for getting processed by all BeanPostProcessors (for example: not eligible for auto-proxying). Is this bean getting eagerly injected into a currently created BeanPostProcessor [lbRestClientPostProcessor]? Check the corresponding BeanPostProcessor declaration and its dependencies.
[2m2025-03-17T00:40:55.837+03:00[0;39m [33m WARN [auth-service,,] [0;39m [35m11786[0;39m [2m---[0;39m [2m[auth-service] [           main][0;39m [2m[0;39m[36mtrationDelegate$BeanPostProcessorChecker[0;39m [2m:[0;39m Bean 'org.springframework.cloud.loadbalancer.config.LoadBalancerAutoConfiguration' of type [org.springframework.cloud.loadbalancer.config.LoadBalancerAutoConfiguration] is not eligible for getting processed by all BeanPostProcessors (for example: not eligible for auto-proxying). Is this bean getting eagerly injected into a currently created BeanPostProcessor [lbRestClientPostProcessor]? Check the corresponding BeanPostProcessor declaration and its dependencies.
[2m2025-03-17T00:40:55.844+03:00[0;39m [33m WARN [auth-service,,] [0;39m [35m11786[0;39m [2m---[0;39m [2m[auth-service] [           main][0;39m [2m[0;39m[36mtrationDelegate$BeanPostProcessorChecker[0;39m [2m:[0;39m Bean 'org.springframework.cloud.commons.config.CommonsConfigAutoConfiguration' of type [org.springframework.cloud.commons.config.CommonsConfigAutoConfiguration] is not eligible for getting processed by all BeanPostProcessors (for example: not eligible for auto-proxying). Is this bean getting eagerly injected into a currently created BeanPostProcessor [lbRestClientPostProcessor]? Check the corresponding BeanPostProcessor declaration and its dependencies.
[2m2025-03-17T00:40:55.848+03:00[0;39m [33m WARN [auth-service,,] [0;39m [35m11786[0;39m [2m---[0;39m [2m[auth-service] [           main][0;39m [2m[0;39m[36mtrationDelegate$BeanPostProcessorChecker[0;39m [2m:[0;39m Bean 'org.springframework.cloud.client.loadbalancer.LoadBalancerDefaultMappingsProviderAutoConfiguration' of type [org.springframework.cloud.client.loadbalancer.LoadBalancerDefaultMappingsProviderAutoConfiguration] is not eligible for getting processed by all BeanPostProcessors (for example: not eligible for auto-proxying). Is this bean getting eagerly injected into a currently created BeanPostProcessor [lbRestClientPostProcessor]? Check the corresponding BeanPostProcessor declaration and its dependencies.
[2m2025-03-17T00:40:55.849+03:00[0;39m [33m WARN [auth-service,,] [0;39m [35m11786[0;39m [2m---[0;39m [2m[auth-service] [           main][0;39m [2m[0;39m[36mtrationDelegate$BeanPostProcessorChecker[0;39m [2m:[0;39m Bean 'loadBalancerClientsDefaultsMappingsProvider' of type [org.springframework.cloud.client.loadbalancer.LoadBalancerDefaultMappingsProviderAutoConfiguration$$Lambda/0x000007f0014c38d8] is not eligible for getting processed by all BeanPostProcessors (for example: not eligible for auto-proxying). Is this bean getting eagerly injected into a currently created BeanPostProcessor [lbRestClientPostProcessor]? Check the corresponding BeanPostProcessor declaration and its dependencies.
[2m2025-03-17T00:40:55.851+03:00[0;39m [33m WARN [auth-service,,] [0;39m [35m11786[0;39m [2m---[0;39m [2m[auth-service] [           main][0;39m [2m[0;39m[36mtrationDelegate$BeanPostProcessorChecker[0;39m [2m:[0;39m Bean 'defaultsBindHandlerAdvisor' of type [org.springframework.cloud.commons.config.DefaultsBindHandlerAdvisor] is not eligible for getting processed by all BeanPostProcessors (for example: not eligible for auto-proxying). Is this bean getting eagerly injected into a currently created BeanPostProcessor [lbRestClientPostProcessor]? Check the corresponding BeanPostProcessor declaration and its dependencies.
[2m2025-03-17T00:40:55.855+03:00[0;39m [33m WARN [auth-service,,] [0;39m [35m11786[0;39m [2m---[0;39m [2m[auth-service] [           main][0;39m [2m[0;39m[36mtrationDelegate$BeanPostProcessorChecker[0;39m [2m:[0;39m Bean 'spring.cloud.loadbalancer-org.springframework.cloud.client.loadbalancer.LoadBalancerClientsProperties' of type [org.springframework.cloud.client.loadbalancer.LoadBalancerClientsProperties] is not eligible for getting processed by all BeanPostProcessors (for example: not eligible for auto-proxying). Is this bean getting eagerly injected into a currently created BeanPostProcessor [lbRestClientPostProcessor]? Check the corresponding BeanPostProcessor declaration and its dependencies.
[2m2025-03-17T00:40:55.861+03:00[0;39m [33m WARN [auth-service,,] [0;39m [35m11786[0;39m [2m---[0;39m [2m[auth-service] [           main][0;39m [2m[0;39m[36mtrationDelegate$BeanPostProcessorChecker[0;39m [2m:[0;39m Bean 'default.org.springframework.cloud.loadbalancer.config.LoadBalancerAutoConfiguration.LoadBalancerClientSpecification' of type [org.springframework.cloud.loadbalancer.annotation.LoadBalancerClientSpecification] is not eligible for getting processed by all BeanPostProcessors (for example: not eligible for auto-proxying). Is this bean getting eagerly injected into a currently created BeanPostProcessor [lbRestClientPostProcessor]? Check the corresponding BeanPostProcessor declaration and its dependencies.
[2m2025-03-17T00:40:55.863+03:00[0;39m [33m WARN [auth-service,,] [0;39m [35m11786[0;39m [2m---[0;39m [2m[auth-service] [           main][0;39m [2m[0;39m[36mtrationDelegate$BeanPostProcessorChecker[0;39m [2m:[0;39m Bean 'default.org.springframework.cloud.loadbalancer.config.BlockingLoadBalancerClientAutoConfiguration.LoadBalancerClientSpecification' of type [org.springframework.cloud.loadbalancer.annotation.LoadBalancerClientSpecification] is not eligible for getting processed by all BeanPostProcessors (for example: not eligible for auto-proxying). Is this bean getting eagerly injected into a currently created BeanPostProcessor [lbRestClientPostProcessor]? Check the corresponding BeanPostProcessor declaration and its dependencies.
[2m2025-03-17T00:40:55.864+03:00[0;39m [33m WARN [auth-service,,] [0;39m [35m11786[0;39m [2m---[0;39m [2m[auth-service] [           main][0;39m [2m[0;39m[36mtrationDelegate$BeanPostProcessorChecker[0;39m [2m:[0;39m Bean 'loadBalancerClientFactory' of type [org.springframework.cloud.loadbalancer.support.LoadBalancerClientFactory] is not eligible for getting processed by all BeanPostProcessors (for example: not eligible for auto-proxying). Is this bean getting eagerly injected into a currently created BeanPostProcessor [lbRestClientPostProcessor]? Check the corresponding BeanPostProcessor declaration and its dependencies.
[2m2025-03-17T00:40:55.869+03:00[0;39m [33m WARN [auth-service,,] [0;39m [35m11786[0;39m [2m---[0;39m [2m[auth-service] [           main][0;39m [2m[0;39m[36mtrationDelegate$BeanPostProcessorChecker[0;39m [2m:[0;39m Bean 'blockingLoadBalancerClient' of type [org.springframework.cloud.loadbalancer.blocking.client.BlockingLoadBalancerClient] is not eligible for getting processed by all BeanPostProcessors (for example: not eligible for auto-proxying). Is this bean getting eagerly injected into a currently created BeanPostProcessor [lbRestClientPostProcessor]? Check the corresponding BeanPostProcessor declaration and its dependencies.
[2m2025-03-17T00:40:55.875+03:00[0;39m [33m WARN [auth-service,,] [0;39m [35m11786[0;39m [2m---[0;39m [2m[auth-service] [           main][0;39m [2m[0;39m[36mtrationDelegate$BeanPostProcessorChecker[0;39m [2m:[0;39m Bean 'loadBalancerServiceInstanceCookieTransformer' of type [org.springframework.cloud.loadbalancer.core.LoadBalancerServiceInstanceCookieTransformer] is not eligible for getting processed by all BeanPostProcessors (for example: not eligible for auto-proxying). Is this bean getting eagerly injected into a currently created BeanPostProcessor [lbRestClientPostProcessor]? Check the corresponding BeanPostProcessor declaration and its dependencies.
[2m2025-03-17T00:40:55.877+03:00[0;39m [33m WARN [auth-service,,] [0;39m [35m11786[0;39m [2m---[0;39m [2m[auth-service] [           main][0;39m [2m[0;39m[36mtrationDelegate$BeanPostProcessorChecker[0;39m [2m:[0;39m Bean 'xForwarderHeadersTransformer' of type [org.springframework.cloud.loadbalancer.blocking.XForwardedHeadersTransformer] is not eligible for getting processed by all BeanPostProcessors (for example: not eligible for auto-proxying). Is this bean getting eagerly injected into a currently created BeanPostProcessor [lbRestClientPostProcessor]? Check the corresponding BeanPostProcessor declaration and its dependencies.
[2m2025-03-17T00:40:55.878+03:00[0;39m [33m WARN [auth-service,,] [0;39m [35m11786[0;39m [2m---[0;39m [2m[auth-service] [           main][0;39m [2m[0;39m[36mtrationDelegate$BeanPostProcessorChecker[0;39m [2m:[0;39m Bean 'org.springframework.cloud.client.loadbalancer.LoadBalancerAutoConfiguration' of type [org.springframework.cloud.client.loadbalancer.LoadBalancerAutoConfiguration] is not eligible for getting processed by all BeanPostProcessors (for example: not eligible for auto-proxying). Is this bean getting eagerly injected into a currently created BeanPostProcessor [lbRestClientPostProcessor]? Check the corresponding BeanPostProcessor declaration and its dependencies.
[2m2025-03-17T00:40:55.879+03:00[0;39m [33m WARN [auth-service,,] [0;39m [35m11786[0;39m [2m---[0;39m [2m[auth-service] [           main][0;39m [2m[0;39m[36mtrationDelegate$BeanPostProcessorChecker[0;39m [2m:[0;39m Bean 'loadBalancerRequestFactory' of type [org.springframework.cloud.client.loadbalancer.LoadBalancerRequestFactory] is not eligible for getting processed by all BeanPostProcessors (for example: not eligible for auto-proxying). Is this bean getting eagerly injected into a currently created BeanPostProcessor [lbRestClientPostProcessor]? Check the corresponding BeanPostProcessor declaration and its dependencies.
[2m2025-03-17T00:40:55.881+03:00[0;39m [33m WARN [auth-service,,] [0;39m [35m11786[0;39m [2m---[0;39m [2m[auth-service] [           main][0;39m [2m[0;39m[36mtrationDelegate$BeanPostProcessorChecker[0;39m [2m:[0;39m Bean 'org.springframework.cloud.loadbalancer.config.BlockingLoadBalancerClientAutoConfiguration$BlockingLoadBalancerRetryConfig' of type [org.springframework.cloud.loadbalancer.config.BlockingLoadBalancerClientAutoConfiguration$BlockingLoadBalancerRetryConfig$$SpringCGLIB$$0] is not eligible for getting processed by all BeanPostProcessors (for example: not eligible for auto-proxying). Is this bean getting eagerly injected into a currently created BeanPostProcessor [lbRestClientPostProcessor]? Check the corresponding BeanPostProcessor declaration and its dependencies.
[2m2025-03-17T00:40:55.884+03:00[0;39m [33m WARN [auth-service,,] [0;39m [35m11786[0;39m [2m---[0;39m [2m[auth-service] [           main][0;39m [2m[0;39m[36mtrationDelegate$BeanPostProcessorChecker[0;39m [2m:[0;39m Bean 'loadBalancedRetryFactory' of type [org.springframework.cloud.loadbalancer.blocking.retry.BlockingLoadBalancedRetryFactory] is not eligible for getting processed by all BeanPostProcessors (for example: not eligible for auto-proxying). Is this bean getting eagerly injected into a currently created BeanPostProcessor [lbRestClientPostProcessor]? Check the corresponding BeanPostProcessor declaration and its dependencies.
[2m2025-03-17T00:40:55.888+03:00[0;39m [33m WARN [auth-service,,] [0;39m [35m11786[0;39m [2m---[0;39m [2m[auth-service] [           main][0;39m [2m[0;39m[36mtrationDelegate$BeanPostProcessorChecker[0;39m [2m:[0;39m Bean 'loadBalancerInterceptor' of type [org.springframework.cloud.client.loadbalancer.RetryLoadBalancerInterceptor] is not eligible for getting processed by all BeanPostProcessors (for example: not eligible for auto-proxying). Is this bean getting eagerly injected into a currently created BeanPostProcessor [lbRestClientPostProcessor]? Check the corresponding BeanPostProcessor declaration and its dependencies.
[2m2025-03-17T00:40:56.079+03:00[0;39m [32m INFO [auth-service,,] [0;39m [35m11786[0;39m [2m---[0;39m [2m[auth-service] [           main][0;39m [2m[0;39m[36mo.s.b.w.embedded.tomcat.TomcatWebServer [0;39m [2m:[0;39m Tomcat initialized with port 8888 (http)
[2m2025-03-17T00:40:56.086+03:00[0;39m [32m INFO [auth-service,,] [0;39m [35m11786[0;39m [2m---[0;39m [2m[auth-service] [           main][0;39m [2m[0;39m[36mo.apache.catalina.core.StandardService  [0;39m [2m:[0;39m Starting service [Tomcat]
[2m2025-03-17T00:40:56.086+03:00[0;39m [32m INFO [auth-service,,] [0;39m [35m11786[0;39m [2m---[0;39m [2m[auth-service] [           main][0;39m [2m[0;39m[36mo.apache.catalina.core.StandardEngine   [0;39m [2m:[0;39m Starting Servlet engine: [Apache Tomcat/10.1.19]
[2m2025-03-17T00:40:56.118+03:00[0;39m [32m INFO [auth-service,,] [0;39m [35m11786[0;39m [2m---[0;39m [2m[auth-service] [           main][0;39m [2m[0;39m[36mo.a.c.c.C.[Tomcat].[localhost].[/]      [0;39m [2m:[0;39m Initializing Spring embedded WebApplicationContext
[2m2025-03-17T00:40:56.119+03:00[0;39m [32m INFO [auth-service,,] [0;39m [35m11786[0;39m [2m---[0;39m [2m[auth-service] [           main][0;39m [2m[0;39m[36mw.s.c.ServletWebServerApplicationContext[0;39m [2m:[0;39m Root WebApplicationContext: initialization completed in 1143 ms
[2m2025-03-17T00:40:56.228+03:00[0;39m [32m INFO [auth-service,,] [0;39m [35m11786[0;39m [2m---[0;39m [2m[auth-service] [           main][0;39m [2m[0;39m[36mo.hibernate.jpa.internal.util.LogHelper [0;39m [2m:[0;39m HHH000204: Processing PersistenceUnitInfo [name: default]
[2m2025-03-17T00:40:56.251+03:00[0;39m [32m INFO [auth-service,,] [0;39m [35m11786[0;39m [2m---[0;39m [2m[auth-service] [           main][0;39m [2m[0;39m[36morg.hibernate.Version                   [0;39m [2m:[0;39m HHH000412: Hibernate ORM core version 6.4.4.Final
[2m2025-03-17T00:40:56.266+03:00[0;39m [32m INFO [auth-service,,] [0;39m [35m11786[0;39m [2m---[0;39m [2m[auth-service] [           main][0;39m [2m[0;39m[36mo.h.c.internal.RegionFactoryInitiator   [0;39m [2m:[0;39m HHH000026: Second-level cache disabled
[2m2025-03-17T00:40:56.381+03:00[0;39m [32m INFO [auth-service,,] [0;39m [35m11786[0;39m [2m---[0;39m [2m[auth-service] [           main][0;39m [2m[0;39m[36mo.s.o.j.p.SpringPersistenceUnitInfo     [0;39m [2m:[0;39m No LoadTimeWeaver setup: ignoring JPA class transformer
[2m2025-03-17T00:40:56.393+03:00[0;39m [32m INFO [auth-service,,] [0;39m [35m11786[0;39m [2m---[0;39m [2m[auth-service] [           main][0;39m [2m[0;39m[36mcom.zaxxer.hikari.HikariDataSource      [0;39m [2m:[0;39m HikariPool-1 - Starting...
[2m2025-03-17T00:40:56.536+03:00[0;39m [32m INFO [auth-service,,] [0;39m [35m11786[0;39m [2m---[0;39m [2m[auth-service] [           main][0;39m [2m[0;39m[36mcom.zaxxer.hikari.pool.HikariPool       [0;39m [2m:[0;39m HikariPool-1 - Added connection org.postgresql.jdbc.PgConnection@2d2133fd
[2m2025-03-17T00:40:56.537+03:00[0;39m [32m INFO [auth-service,,] [0;39m [35m11786[0;39m [2m---[0;39m [2m[auth-service] [           main][0;39m [2m[0;39m[36mcom.zaxxer.hikari.HikariDataSource      [0;39m [2m:[0;39m HikariPool-1 - Start completed.
[2m2025-03-17T00:40:56.562+03:00[0;39m [33m WARN [auth-service,,] [0;39m [35m11786[0;39m [2m---[0;39m [2m[auth-service] [           main][0;39m [2m[0;39m[36morg.hibernate.orm.deprecation           [0;39m [2m:[0;39m HHH90000025: PostgreSQLDialect does not need to be specified explicitly using 'hibernate.dialect' (remove the property setting and it will be selected by default)
[2m2025-03-17T00:40:57.068+03:00[0;39m [32m INFO [auth-service,,] [0;39m [35m11786[0;39m [2m---[0;39m [2m[auth-service] [           main][0;39m [2m[0;39m[36mo.h.e.t.j.p.i.JtaPlatformInitiator      [0;39m [2m:[0;39m HHH000489: No JTA platform available (set 'hibernate.transaction.jta.platform' to enable JTA platform integration)
[2m2025-03-17T00:40:57.142+03:00[0;39m [32m INFO [auth-service,,] [0;39m [35m11786[0;39m [2m---[0;39m [2m[auth-service] [           main][0;39m [2m[0;39m[36mj.LocalContainerEntityManagerFactoryBean[0;39m [2m:[0;39m Initialized JPA EntityManagerFactory for persistence unit 'default'
[2m2025-03-17T00:40:57.406+03:00[0;39m [32mDEBUG [auth-service,,] [0;39m [35m11786[0;39m [2m---[0;39m [2m[auth-service] [           main][0;39m [2m[0;39m[36mc.h.auth.security.AuthTokenFilter       [0;39m [2m:[0;39m Filter 'authenticationJwtTokenFilter' configured for use
[2m2025-03-17T00:40:57.513+03:00[0;39m [33m WARN [auth-service,,] [0;39m [35m11786[0;39m [2m---[0;39m [2m[auth-service] [           main][0;39m [2m[0;39m[36mJpaBaseConfiguration$JpaWebConfiguration[0;39m [2m:[0;39m spring.jpa.open-in-view is enabled by default. Therefore, database queries may be performed during view rendering. Explicitly configure spring.jpa.open-in-view to disable this warning
[2m2025-03-17T00:40:57.824+03:00[0;39m [32m INFO [auth-service,,] [0;39m [35m11786[0;39m [2m---[0;39m [2m[auth-service] [           main][0;39m [2m[0;39m[36mo.s.s.web.DefaultSecurityFilterChain    [0;39m [2m:[0;39m Will secure any request with [org.springframework.security.web.session.DisableEncodeUrlFilter@450b99f2, org.springframework.security.web.context.request.async.WebAsyncManagerIntegrationFilter@7dc16d33, org.springframework.security.web.context.SecurityContextHolderFilter@6b71fded, org.springframework.security.web.header.HeaderWriterFilter@2080ee70, org.springframework.security.web.authentication.logout.LogoutFilter@6bc45472, org.springframework.security.web.savedrequest.RequestCacheAwareFilter@1455d0f5, org.springframework.security.web.servletapi.SecurityContextHolderAwareRequestFilter@792a9cb1, org.springframework.security.web.authentication.AnonymousAuthenticationFilter@1915879c, org.springframework.security.web.access.ExceptionTranslationFilter@14738629, org.springframework.security.web.access.intercept.AuthorizationFilter@7d2ccd7f]
[2m2025-03-17T00:40:58.785+03:00[0;39m [33m WARN [auth-service,,] [0;39m [35m11786[0;39m [2m---[0;39m [2m[auth-service] [           main][0;39m [2m[0;39m[36mConfigServletWebServerApplicationContext[0;39m [2m:[0;39m Exception encountered during context initialization - cancelling refresh attempt: org.springframework.context.ApplicationContextException: Failed to start bean 'webServerStartStop'
[2m2025-03-17T00:40:58.792+03:00[0;39m [32m INFO [auth-service,,] [0;39m [35m11786[0;39m [2m---[0;39m [2m[auth-service] [           main][0;39m [2m[0;39m[36mj.LocalContainerEntityManagerFactoryBean[0;39m [2m:[0;39m Closing JPA EntityManagerFactory for persistence unit 'default'
[2m2025-03-17T00:40:58.794+03:00[0;39m [32m INFO [auth-service,,] [0;39m [35m11786[0;39m [2m---[0;39m [2m[auth-service] [           main][0;39m [2m[0;39m[36mcom.zaxxer.hikari.HikariDataSource      [0;39m [2m:[0;39m HikariPool-1 - Shutdown initiated...
[2m2025-03-17T00:40:58.795+03:00[0;39m [32m INFO [auth-service,,] [0;39m [35m11786[0;39m [2m---[0;39m [2m[auth-service] [           main][0;39m [2m[0;39m[36mcom.zaxxer.hikari.HikariDataSource      [0;39m [2m:[0;39m HikariPool-1 - Shutdown completed.
[2m2025-03-17T00:40:58.806+03:00[0;39m [32m INFO [auth-service,,] [0;39m [35m11786[0;39m [2m---[0;39m [2m[auth-service] [           main][0;39m [2m[0;39m[36m.s.b.a.l.ConditionEvaluationReportLogger[0;39m [2m:[0;39m 

Error starting ApplicationContext. To display the condition evaluation report re-run your application with 'debug' enabled.
[2m2025-03-17T00:40:58.820+03:00[0;39m [31mERROR [auth-service,,] [0;39m [35m11786[0;39m [2m---[0;39m [2m[auth-service] [           main][0;39m [2m[0;39m[36mo.s.b.d.LoggingFailureAnalysisReporter  [0;39m [2m:[0;39m 

***************************
APPLICATION FAILED TO START
***************************

Description:

Web server failed to start. Port 8888 was already in use.

Action:

Identify and stop the process that's listening on port 8888 or configure this application to listen on another port.

[INFO] ------------------------------------------------------------------------
[INFO] BUILD FAILURE
[INFO] ------------------------------------------------------------------------
[INFO] Total time:  5.621 s
[INFO] Finished at: 2025-03-17T00:40:59+03:00
[INFO] ------------------------------------------------------------------------
[ERROR] Failed to execute goal org.springframework.boot:spring-boot-maven-plugin:3.2.3:run (default-cli) on project auth-service: Process terminated with exit code: 1 -> [Help 1]
[ERROR] 
[ERROR] To see the full stack trace of the errors, re-run Maven with the -e switch.
[ERROR] Re-run Maven using the -X switch to enable full debug logging.
[ERROR] 
[ERROR] For more information about the errors and possible solutions, please read the following articles:
[ERROR] [Help 1] http://cwiki.apache.org/confluence/display/MAVEN/MojoExecutionException
